<?xml version="1.0" encoding="UTF-8"?>
<testng-results skipped="0" failed="0" total="1" passed="1">
  <reporter-output>
  </reporter-output>
  <suite name="Default suite" duration-ms="2796" started-at="2016-03-29T22:54:16Z" finished-at="2016-03-29T22:54:18Z">
    <groups>
    </groups>
    <test name="Default test" duration-ms="2796" started-at="2016-03-29T22:54:16Z" finished-at="2016-03-29T22:54:18Z">
      <class name="com.intuit.nasa.api.tests.planetary.GetPlanetrySoundsTest">
        <test-method status="PASS" signature="testWhenAPIKeyIsValid()[pri:0, instance:com.intuit.nasa.api.tests.planetary.GetPlanetrySoundsTest@66d33a]" name="testWhenAPIKeyIsValid" duration-ms="2769" started-at="2016-03-29T15:54:16Z" finished-at="2016-03-29T15:54:18Z">
          <reporter-output>
          </reporter-output>
        </test-method> <!-- testWhenAPIKeyIsValid -->
      </class> <!-- com.intuit.nasa.api.tests.planetary.GetPlanetrySoundsTest -->
    </test> <!-- Default test -->
  </suite> <!-- Default suite -->
</testng-results>
